<?xml version="1.0" encoding="UTF-8"?>
<testsuite xmlns:xsi="http://www.w3.org/2001/XMLSchema-instance" xsi:noNamespaceSchemaLocation="https://maven.apache.org/surefire/maven-surefire-plugin/xsd/surefire-test-report-3.0.xsd" version="3.0" name="com.mycompany.emprestimodelivro.LeitorTest" time="0.048" tests="3" errors="0" skipped="0" failures="0">
  <properties>
    <property name="java.specification.version" value="21"/>
    <property name="sun.cpu.isalist" value="amd64"/>
    <property name="sun.jnu.encoding" value="Cp1252"/>
    <property name="java.class.path" value="C:\Users\dhieg\OneDrive\Área de Trabalho\Emprestimo-Livro\target\test-classes;C:\Users\dhieg\OneDrive\Área de Trabalho\Emprestimo-Livro\target\classes;C:\Users\dhieg\.m2\repository\org\junit\jupiter\junit-jupiter\5.11.1\junit-jupiter-5.11.1.jar;C:\Users\dhieg\.m2\repository\org\junit\jupiter\junit-jupiter-api\5.11.1\junit-jupiter-api-5.11.1.jar;C:\Users\dhieg\.m2\repository\org\opentest4j\opentest4j\1.3.0\opentest4j-1.3.0.jar;C:\Users\dhieg\.m2\repository\org\junit\platform\junit-platform-commons\1.11.1\junit-platform-commons-1.11.1.jar;C:\Users\dhieg\.m2\repository\org\apiguardian\apiguardian-api\1.1.2\apiguardian-api-1.1.2.jar;C:\Users\dhieg\.m2\repository\org\junit\jupiter\junit-jupiter-params\5.11.1\junit-jupiter-params-5.11.1.jar;C:\Users\dhieg\.m2\repository\org\junit\jupiter\junit-jupiter-engine\5.11.1\junit-jupiter-engine-5.11.1.jar;C:\Users\dhieg\.m2\repository\org\junit\platform\junit-platform-engine\1.11.1\junit-platform-engine-1.11.1.jar;"/>
    <property name="java.vm.vendor" value="Azul Systems, Inc."/>
    <property name="sun.arch.data.model" value="64"/>
    <property name="user.variant" value=""/>
    <property name="java.vendor.url" value="http://www.azul.com/"/>
    <property name="user.timezone" value="America/Sao_Paulo"/>
    <property name="user.country.format" value="BR"/>
    <property name="os.name" value="Windows 11"/>
    <property name="java.vm.specification.version" value="21"/>
    <property name="user.country" value="US"/>
    <property name="sun.java.launcher" value="SUN_STANDARD"/>
    <property name="sun.boot.library.path" value="C:\Program Files\Zulu\zulu-21\bin"/>
    <property name="sun.java.command" value="C:\Users\dhieg\AppData\Local\Temp\surefire13796696142711189167\surefirebooter-20240928204055744_3.jar C:\Users\dhieg\AppData\Local\Temp\surefire13796696142711189167 2024-09-28T20-40-55_633-jvmRun1 surefire-20240928204055744_1tmp surefire_0-20240928204055744_2tmp"/>
    <property name="jdk.debug" value="release"/>
    <property name="test" value="com.mycompany.emprestimodelivro.LeitorTest"/>
    <property name="surefire.test.class.path" value="C:\Users\dhieg\OneDrive\Área de Trabalho\Emprestimo-Livro\target\test-classes;C:\Users\dhieg\OneDrive\Área de Trabalho\Emprestimo-Livro\target\classes;C:\Users\dhieg\.m2\repository\org\junit\jupiter\junit-jupiter\5.11.1\junit-jupiter-5.11.1.jar;C:\Users\dhieg\.m2\repository\org\junit\jupiter\junit-jupiter-api\5.11.1\junit-jupiter-api-5.11.1.jar;C:\Users\dhieg\.m2\repository\org\opentest4j\opentest4j\1.3.0\opentest4j-1.3.0.jar;C:\Users\dhieg\.m2\repository\org\junit\platform\junit-platform-commons\1.11.1\junit-platform-commons-1.11.1.jar;C:\Users\dhieg\.m2\repository\org\apiguardian\apiguardian-api\1.1.2\apiguardian-api-1.1.2.jar;C:\Users\dhieg\.m2\repository\org\junit\jupiter\junit-jupiter-params\5.11.1\junit-jupiter-params-5.11.1.jar;C:\Users\dhieg\.m2\repository\org\junit\jupiter\junit-jupiter-engine\5.11.1\junit-jupiter-engine-5.11.1.jar;C:\Users\dhieg\.m2\repository\org\junit\platform\junit-platform-engine\1.11.1\junit-platform-engine-1.11.1.jar;"/>
    <property name="sun.cpu.endian" value="little"/>
    <property name="user.home" value="C:\Users\dhieg"/>
    <property name="user.language" value="en"/>
    <property name="java.specification.vendor" value="Oracle Corporation"/>
    <property name="java.version.date" value="2024-04-16"/>
    <property name="java.home" value="C:\Program Files\Zulu\zulu-21"/>
    <property name="file.separator" value="\"/>
    <property name="basedir" value="C:\Users\dhieg\OneDrive\Área de Trabalho\Emprestimo-Livro"/>
    <property name="java.vm.compressedOopsMode" value="Zero based"/>
    <property name="line.separator" value="&#10;"/>
    <property name="java.vm.specification.vendor" value="Oracle Corporation"/>
    <property name="java.specification.name" value="Java Platform API Specification"/>
    <property name="surefire.real.class.path" value="C:\Users\dhieg\AppData\Local\Temp\surefire13796696142711189167\surefirebooter-20240928204055744_3.jar"/>
    <property name="user.script" value=""/>
    <property name="sun.management.compiler" value="HotSpot 64-Bit Tiered Compilers"/>
    <property name="java.runtime.version" value="21.0.3+9-LTS"/>
    <property name="user.name" value="dhieg"/>
    <property name="stdout.encoding" value="Cp1252"/>
    <property name="path.separator" value=";"/>
    <property name="os.version" value="10.0"/>
    <property name="java.runtime.name" value="OpenJDK Runtime Environment"/>
    <property name="file.encoding" value="UTF-8"/>
    <property name="java.vm.name" value="OpenJDK 64-Bit Server VM"/>
    <property name="java.vendor.version" value="Zulu21.34+19-CA"/>
    <property name="maven.ext.class.path" value="C:\Program Files\NetBeans-22\netbeans\java\maven-nblib\netbeans-eventspy.jar"/>
    <property name="localRepository" value="C:\Users\dhieg\.m2\repository"/>
    <property name="java.vendor.url.bug" value="http://www.azul.com/support/"/>
    <property name="java.io.tmpdir" value="C:\Users\dhieg\AppData\Local\Temp\"/>
    <property name="java.version" value="21.0.3"/>
    <property name="user.dir" value="C:\Users\dhieg\OneDrive\Área de Trabalho\Emprestimo-Livro"/>
    <property name="os.arch" value="amd64"/>
    <property name="java.vm.specification.name" value="Java Virtual Machine Specification"/>
    <property name="user.language.format" value="pt"/>
    <property name="sun.os.patch.level" value=""/>
    <property name="native.encoding" value="Cp1252"/>
    <property name="java.library.path" value="C:\Program Files\Zulu\zulu-21\bin;C:\Windows\Sun\Java\bin;C:\Windows\system32;C:\Windows;C:\Program Files\Java\jdk-17\bin;C:\Program Files\dotnet\;C:\Program Files\nodejs\;C:\Program Files\Java\jdk-17\bin;C:\Ruby32-x64\bin;C:\Program Files\MySQL\MySQL Shell 8.0\bin\;C:\Users\dhieg\AppData\Local\Microsoft\WindowsApps;C:\Program Files\JetBrains\IntelliJ IDEA Community Edition 2024.2.0.2\bin;;C:\Users\dhieg\AppData\Roaming\npm;C:\Users\dhieg\AppData\Local\Programs\Microsoft VS Code\bin;."/>
    <property name="java.vm.info" value="mixed mode, sharing"/>
    <property name="stderr.encoding" value="Cp1252"/>
    <property name="java.vendor" value="Azul Systems, Inc."/>
    <property name="java.vm.version" value="21.0.3+9-LTS"/>
    <property name="sun.io.unicode.encoding" value="UnicodeLittle"/>
    <property name="java.class.version" value="65.0"/>
  </properties>
  <testcase name="testEhValidoParaInclusao_Valido" classname="com.mycompany.emprestimodelivro.LeitorTest" time="0.022"/>
  <testcase name="testEhValidoParaInclusao_IdInvalido" classname="com.mycompany.emprestimodelivro.LeitorTest" time="0.003"/>
  <testcase name="testEhValidoParaInclusao_NomeInvalido" classname="com.mycompany.emprestimodelivro.LeitorTest" time="0.001"/>
</testsuite>